2023/01/12 13:35:23 [emerg] 8#8: host not found in upstream "php-fpm:9000" in /etc/nginx/conf.d/default.conf:2
2023/01/12 13:35:23 [emerg] 8#8: host not found in upstream "php-fpm:9000" in /etc/nginx/conf.d/default.conf:2
2023/01/12 13:35:24 [emerg] 7#7: host not found in upstream "php-fpm:9000" in /etc/nginx/conf.d/default.conf:2
2023/01/12 13:35:24 [emerg] 8#8: host not found in upstream "php-fpm:9000" in /etc/nginx/conf.d/default.conf:2
2023/01/12 13:35:25 [emerg] 8#8: host not found in upstream "php-fpm:9000" in /etc/nginx/conf.d/default.conf:2
2023/01/12 13:35:27 [emerg] 8#8: host not found in upstream "php-fpm:9000" in /etc/nginx/conf.d/default.conf:2
2023/01/12 13:35:31 [emerg] 8#8: host not found in upstream "php-fpm:9000" in /etc/nginx/conf.d/default.conf:2
2023/01/12 13:35:38 [emerg] 8#8: host not found in upstream "php-fpm:9000" in /etc/nginx/conf.d/default.conf:2
2023/01/12 13:35:51 [emerg] 9#9: host not found in upstream "php-fpm:9000" in /etc/nginx/conf.d/default.conf:2
2023/01/12 13:36:17 [emerg] 8#8: host not found in upstream "php-fpm:9000" in /etc/nginx/conf.d/default.conf:2
2023/01/12 13:37:09 [emerg] 9#9: host not found in upstream "php-fpm:9000" in /etc/nginx/conf.d/default.conf:2
2023/01/12 13:38:09 [emerg] 8#8: host not found in upstream "php-fpm:9000" in /etc/nginx/conf.d/default.conf:2
2023/01/12 13:39:09 [emerg] 8#8: host not found in upstream "php-fpm:9000" in /etc/nginx/conf.d/default.conf:2
2023/01/12 13:40:14 [emerg] 10#10: host not found in upstream "php-fpm:9000" in /etc/nginx/conf.d/default.conf:2
2023/01/12 13:41:17 [emerg] 9#9: host not found in upstream "php-fpm:9000" in /etc/nginx/conf.d/default.conf:2
2023/01/12 13:42:19 [emerg] 8#8: host not found in upstream "php-fpm:9000" in /etc/nginx/conf.d/default.conf:2
2023/01/12 13:43:20 [emerg] 8#8: host not found in upstream "php-fpm:9000" in /etc/nginx/conf.d/default.conf:2
2023/01/12 13:44:20 [emerg] 9#9: host not found in upstream "php-fpm:9000" in /etc/nginx/conf.d/default.conf:2
2023/01/12 13:45:20 [emerg] 8#8: host not found in upstream "php-fpm:9000" in /etc/nginx/conf.d/default.conf:2
2023/01/12 13:46:19 [emerg] 8#8: host not found in upstream "php-fpm:9000" in /etc/nginx/conf.d/default.conf:2
2023/01/12 13:46:20 [emerg] 8#8: host not found in upstream "php-fpm:9000" in /etc/nginx/conf.d/default.conf:2
2023/01/12 13:46:22 [emerg] 8#8: host not found in upstream "php-fpm:9000" in /etc/nginx/conf.d/default.conf:2
2023/01/12 13:46:24 [emerg] 10#10: host not found in upstream "php-fpm:9000" in /etc/nginx/conf.d/default.conf:2
2023/01/12 13:46:26 [emerg] 8#8: host not found in upstream "php-fpm:9000" in /etc/nginx/conf.d/default.conf:2
2023/01/12 13:46:28 [emerg] 8#8: host not found in upstream "php-fpm:9000" in /etc/nginx/conf.d/default.conf:2
2023/01/12 13:46:32 [emerg] 8#8: host not found in upstream "php-fpm:9000" in /etc/nginx/conf.d/default.conf:2
2023/01/12 13:46:39 [emerg] 8#8: host not found in upstream "php-fpm:9000" in /etc/nginx/conf.d/default.conf:2
2023/01/12 13:46:53 [emerg] 9#9: host not found in upstream "php-fpm:9000" in /etc/nginx/conf.d/default.conf:2
2023/01/12 13:47:19 [emerg] 8#8: host not found in upstream "php-fpm:9000" in /etc/nginx/conf.d/default.conf:2
2023/01/12 13:48:10 [emerg] 8#8: host not found in upstream "php-fpm:9000" in /etc/nginx/conf.d/default.conf:2
2023/01/12 13:49:11 [emerg] 8#8: host not found in upstream "php-fpm:9000" in /etc/nginx/conf.d/default.conf:2
2023/01/12 13:50:11 [emerg] 8#8: host not found in upstream "php-fpm:9000" in /etc/nginx/conf.d/default.conf:2
2023/01/12 13:51:12 [emerg] 8#8: host not found in upstream "php-fpm:9000" in /etc/nginx/conf.d/default.conf:2
2023/01/12 13:52:12 [emerg] 8#8: host not found in upstream "php-fpm:9000" in /etc/nginx/conf.d/default.conf:2
2023/01/12 13:53:12 [emerg] 8#8: host not found in upstream "php-fpm:9000" in /etc/nginx/conf.d/default.conf:2
2023/01/12 13:54:13 [emerg] 8#8: host not found in upstream "php-fpm:9000" in /etc/nginx/conf.d/default.conf:2
2023/01/12 13:55:13 [emerg] 8#8: host not found in upstream "php-fpm:9000" in /etc/nginx/conf.d/default.conf:2
2023/01/12 13:56:13 [emerg] 8#8: host not found in upstream "php-fpm:9000" in /etc/nginx/conf.d/default.conf:2
2023/01/12 13:57:14 [emerg] 8#8: host not found in upstream "php-fpm:9000" in /etc/nginx/conf.d/default.conf:2
2023/01/12 13:58:15 [emerg] 9#9: host not found in upstream "php-fpm:9000" in /etc/nginx/conf.d/default.conf:2
2023/01/12 13:59:15 [emerg] 8#8: host not found in upstream "php-fpm:9000" in /etc/nginx/conf.d/default.conf:2
2023/01/12 14:00:16 [emerg] 8#8: host not found in upstream "php-fpm:9000" in /etc/nginx/conf.d/default.conf:2
2023/01/12 14:01:16 [emerg] 9#9: host not found in upstream "php-fpm:9000" in /etc/nginx/conf.d/default.conf:2
2023/01/12 14:02:17 [emerg] 8#8: host not found in upstream "php-fpm:9000" in /etc/nginx/conf.d/default.conf:2
2023/01/12 14:03:17 [emerg] 8#8: host not found in upstream "php-fpm:9000" in /etc/nginx/conf.d/default.conf:2
2023/01/12 14:04:18 [emerg] 8#8: host not found in upstream "php-fpm:9000" in /etc/nginx/conf.d/default.conf:2
2023/01/12 14:05:18 [emerg] 8#8: host not found in upstream "php-fpm:9000" in /etc/nginx/conf.d/default.conf:2
2023/01/12 14:06:18 [emerg] 8#8: host not found in upstream "php-fpm:9000" in /etc/nginx/conf.d/default.conf:2
2023/01/12 14:07:19 [emerg] 9#9: host not found in upstream "php-fpm:9000" in /etc/nginx/conf.d/default.conf:2
2023/01/12 14:08:19 [emerg] 8#8: host not found in upstream "php-fpm:9000" in /etc/nginx/conf.d/default.conf:2
2023/01/12 14:09:20 [emerg] 8#8: host not found in upstream "php-fpm:9000" in /etc/nginx/conf.d/default.conf:2
2023/01/12 14:10:20 [emerg] 8#8: host not found in upstream "php-fpm:9000" in /etc/nginx/conf.d/default.conf:2
2023/01/12 14:31:01 [notice] 7#7: using the "epoll" event method
2023/01/12 14:31:01 [notice] 7#7: nginx/1.22.1
2023/01/12 14:31:01 [notice] 7#7: built by gcc 10.2.1 20210110 (Debian 10.2.1-6) 
2023/01/12 14:31:01 [notice] 7#7: OS: Linux 5.15.49-linuxkit
2023/01/12 14:31:01 [notice] 7#7: getrlimit(RLIMIT_NOFILE): 1048576:1048576
2023/01/12 14:31:01 [notice] 7#7: start worker processes
2023/01/12 14:31:01 [notice] 7#7: start worker process 9
2023/01/12 14:31:01 [notice] 7#7: start worker process 10
2023/01/12 14:31:01 [notice] 7#7: start worker process 11
2023/01/12 14:31:01 [notice] 7#7: start worker process 12
2023/01/12 23:22:07 [notice] 13#13: signal process started
2023/01/12 23:22:07 [notice] 7#7: signal 1 (SIGHUP) received from 13, reconfiguring
2023/01/12 23:22:07 [notice] 7#7: reconfiguring
2023/01/12 23:22:07 [notice] 7#7: using the "epoll" event method
2023/01/12 23:22:07 [notice] 7#7: start worker processes
2023/01/12 23:22:07 [notice] 7#7: start worker process 15
2023/01/12 23:22:07 [notice] 7#7: start worker process 16
2023/01/12 23:22:07 [notice] 7#7: start worker process 17
2023/01/12 23:22:07 [notice] 7#7: start worker process 18
2023/01/12 23:22:08 [notice] 12#12: gracefully shutting down
2023/01/12 23:22:08 [notice] 10#10: gracefully shutting down
2023/01/12 23:22:08 [notice] 9#9: gracefully shutting down
2023/01/12 23:22:08 [notice] 11#11: gracefully shutting down
2023/01/12 23:22:08 [notice] 12#12: exiting
2023/01/12 23:22:08 [notice] 10#10: exiting
2023/01/12 23:22:08 [notice] 9#9: exiting
2023/01/12 23:22:08 [notice] 11#11: exiting
2023/01/12 23:22:08 [notice] 12#12: exit
2023/01/12 23:22:08 [notice] 10#10: exit
2023/01/12 23:22:08 [notice] 9#9: exit
2023/01/12 23:22:08 [notice] 11#11: exit
2023/01/12 23:22:08 [notice] 7#7: signal 17 (SIGCHLD) received from 12
2023/01/12 23:22:08 [notice] 7#7: worker process 12 exited with code 0
2023/01/12 23:22:08 [notice] 7#7: worker process 9 exited with code 0
2023/01/12 23:22:08 [notice] 7#7: signal 29 (SIGIO) received
2023/01/12 23:22:08 [notice] 7#7: signal 17 (SIGCHLD) received from 9
2023/01/12 23:22:08 [notice] 7#7: signal 17 (SIGCHLD) received from 11
2023/01/12 23:22:08 [notice] 7#7: worker process 10 exited with code 0
2023/01/12 23:22:08 [notice] 7#7: worker process 11 exited with code 0
2023/01/12 23:22:08 [notice] 7#7: signal 29 (SIGIO) received
2023/01/12 23:22:08 [notice] 7#7: signal 17 (SIGCHLD) received from 10
2023/01/13 07:41:27 [notice] 10#10: using the "epoll" event method
2023/01/13 07:41:27 [notice] 10#10: nginx/1.22.1
2023/01/13 07:41:27 [notice] 10#10: built by gcc 10.2.1 20210110 (Debian 10.2.1-6) 
2023/01/13 07:41:27 [notice] 10#10: OS: Linux 5.15.49-linuxkit
2023/01/13 07:41:27 [notice] 10#10: getrlimit(RLIMIT_NOFILE): 1048576:1048576
2023/01/13 07:41:27 [notice] 10#10: start worker processes
2023/01/13 07:41:27 [notice] 10#10: start worker process 11
2023/01/13 07:41:27 [notice] 10#10: start worker process 12
2023/01/13 07:41:27 [notice] 10#10: start worker process 13
2023/01/13 07:41:27 [notice] 10#10: start worker process 14
2023/01/13 11:20:12 [notice] 9#9: using the "epoll" event method
2023/01/13 11:20:12 [notice] 9#9: nginx/1.22.1
2023/01/13 11:20:12 [notice] 9#9: built by gcc 10.2.1 20210110 (Debian 10.2.1-6) 
2023/01/13 11:20:12 [notice] 9#9: OS: Linux 5.15.49-linuxkit
2023/01/13 11:20:12 [notice] 9#9: getrlimit(RLIMIT_NOFILE): 1048576:1048576
2023/01/13 11:20:12 [notice] 9#9: start worker processes
2023/01/13 11:20:12 [notice] 9#9: start worker process 10
2023/01/13 11:20:12 [notice] 9#9: start worker process 11
2023/01/13 11:20:12 [notice] 9#9: start worker process 12
2023/01/13 11:20:12 [notice] 9#9: start worker process 13
2023/01/13 11:59:43 [notice] 8#8: using the "epoll" event method
2023/01/13 11:59:43 [notice] 8#8: nginx/1.22.1
2023/01/13 11:59:43 [notice] 8#8: built by gcc 10.2.1 20210110 (Debian 10.2.1-6) 
2023/01/13 11:59:43 [notice] 8#8: OS: Linux 5.15.49-linuxkit
2023/01/13 11:59:43 [notice] 8#8: getrlimit(RLIMIT_NOFILE): 1048576:1048576
2023/01/13 11:59:43 [notice] 8#8: start worker processes
2023/01/13 11:59:43 [notice] 8#8: start worker process 10
2023/01/13 11:59:43 [notice] 8#8: start worker process 11
2023/01/13 11:59:43 [notice] 8#8: start worker process 12
2023/01/13 11:59:43 [notice] 8#8: start worker process 13
2023/01/16 07:20:32 [notice] 9#9: using the "epoll" event method
2023/01/16 07:20:32 [notice] 9#9: nginx/1.22.1
2023/01/16 07:20:32 [notice] 9#9: built by gcc 10.2.1 20210110 (Debian 10.2.1-6) 
2023/01/16 07:20:32 [notice] 9#9: OS: Linux 5.15.49-linuxkit
2023/01/16 07:20:32 [notice] 9#9: getrlimit(RLIMIT_NOFILE): 1048576:1048576
2023/01/16 07:20:32 [notice] 9#9: start worker processes
2023/01/16 07:20:32 [notice] 9#9: start worker process 10
2023/01/16 07:20:32 [notice] 9#9: start worker process 11
2023/01/16 07:20:32 [notice] 9#9: start worker process 12
2023/01/16 07:20:32 [notice] 9#9: start worker process 13
2023/01/16 13:20:48 [notice] 14#14: signal process started
2023/01/16 13:20:48 [notice] 9#9: signal 1 (SIGHUP) received from 14, reconfiguring
2023/01/16 13:20:48 [notice] 9#9: reconfiguring
2023/01/16 13:20:48 [notice] 9#9: using the "epoll" event method
2023/01/16 13:20:48 [notice] 9#9: start worker processes
2023/01/16 13:20:48 [notice] 9#9: start worker process 16
2023/01/16 13:20:48 [notice] 9#9: start worker process 17
2023/01/16 13:20:48 [notice] 9#9: start worker process 18
2023/01/16 13:20:48 [notice] 9#9: start worker process 19
2023/01/16 13:20:48 [notice] 11#11: gracefully shutting down
2023/01/16 13:20:48 [notice] 12#12: gracefully shutting down
2023/01/16 13:20:48 [notice] 13#13: gracefully shutting down
2023/01/16 13:20:48 [notice] 10#10: gracefully shutting down
2023/01/16 13:20:48 [notice] 12#12: exiting
2023/01/16 13:20:48 [notice] 13#13: exiting
2023/01/16 13:20:48 [notice] 10#10: exiting
2023/01/16 13:20:48 [notice] 12#12: exit
2023/01/16 13:20:48 [notice] 11#11: exiting
2023/01/16 13:20:48 [notice] 11#11: exit
2023/01/16 13:20:48 [notice] 13#13: exit
2023/01/16 13:20:48 [notice] 10#10: exit
2023/01/16 13:20:48 [notice] 9#9: signal 17 (SIGCHLD) received from 12
2023/01/16 13:20:48 [notice] 9#9: worker process 12 exited with code 0
2023/01/16 13:20:48 [notice] 9#9: worker process 11 exited with code 0
2023/01/16 13:20:48 [notice] 9#9: signal 29 (SIGIO) received
2023/01/16 13:20:48 [notice] 9#9: signal 17 (SIGCHLD) received from 11
2023/01/16 13:20:48 [notice] 9#9: signal 17 (SIGCHLD) received from 10
2023/01/16 13:20:48 [notice] 9#9: worker process 10 exited with code 0
2023/01/16 13:20:48 [notice] 9#9: worker process 13 exited with code 0
2023/01/16 13:20:48 [notice] 9#9: signal 29 (SIGIO) received
2023/01/16 13:20:48 [notice] 9#9: signal 17 (SIGCHLD) received from 13
2023/01/17 08:26:51 [notice] 9#9: using the "epoll" event method
2023/01/17 08:26:51 [notice] 9#9: nginx/1.22.1
2023/01/17 08:26:51 [notice] 9#9: built by gcc 10.2.1 20210110 (Debian 10.2.1-6) 
2023/01/17 08:26:51 [notice] 9#9: OS: Linux 5.15.49-linuxkit
2023/01/17 08:26:51 [notice] 9#9: getrlimit(RLIMIT_NOFILE): 1048576:1048576
2023/01/17 08:26:51 [notice] 9#9: start worker processes
2023/01/17 08:26:51 [notice] 9#9: start worker process 10
2023/01/17 08:26:51 [notice] 9#9: start worker process 11
2023/01/17 08:26:51 [notice] 9#9: start worker process 12
2023/01/17 08:26:51 [notice] 9#9: start worker process 13
2023/01/17 14:26:51 [notice] 14#14: signal process started
2023/01/17 14:26:51 [notice] 9#9: signal 1 (SIGHUP) received from 14, reconfiguring
2023/01/17 14:26:51 [notice] 9#9: reconfiguring
2023/01/17 14:26:51 [notice] 9#9: using the "epoll" event method
2023/01/17 14:26:51 [notice] 9#9: start worker processes
2023/01/17 14:26:51 [notice] 9#9: start worker process 16
2023/01/17 14:26:51 [notice] 9#9: start worker process 17
2023/01/17 14:26:51 [notice] 9#9: start worker process 18
2023/01/17 14:26:51 [notice] 9#9: start worker process 19
2023/01/17 14:26:51 [notice] 10#10: gracefully shutting down
2023/01/17 14:26:51 [notice] 11#11: gracefully shutting down
2023/01/17 14:26:51 [notice] 13#13: gracefully shutting down
2023/01/17 14:26:51 [notice] 12#12: gracefully shutting down
2023/01/17 14:26:51 [notice] 12#12: exiting
2023/01/17 14:26:51 [notice] 10#10: exiting
2023/01/17 14:26:51 [notice] 11#11: exiting
2023/01/17 14:26:51 [notice] 13#13: exiting
2023/01/17 14:26:51 [notice] 13#13: exit
2023/01/17 14:26:51 [notice] 12#12: exit
2023/01/17 14:26:51 [notice] 10#10: exit
2023/01/17 14:26:51 [notice] 11#11: exit
2023/01/17 14:26:51 [notice] 9#9: signal 17 (SIGCHLD) received from 13
2023/01/17 14:26:51 [notice] 9#9: worker process 13 exited with code 0
2023/01/17 14:26:51 [notice] 9#9: signal 29 (SIGIO) received
2023/01/17 14:26:51 [notice] 9#9: signal 17 (SIGCHLD) received from 11
2023/01/17 14:26:51 [notice] 9#9: worker process 11 exited with code 0
2023/01/17 14:26:51 [notice] 9#9: signal 29 (SIGIO) received
2023/01/17 14:26:51 [notice] 9#9: signal 17 (SIGCHLD) received from 10
2023/01/17 14:26:51 [notice] 9#9: worker process 10 exited with code 0
2023/01/17 14:26:51 [notice] 9#9: worker process 12 exited with code 0
2023/01/17 14:26:51 [notice] 9#9: signal 29 (SIGIO) received
2023/01/18 08:48:36 [notice] 8#8: using the "epoll" event method
2023/01/18 08:48:36 [notice] 8#8: nginx/1.22.1
2023/01/18 08:48:36 [notice] 8#8: built by gcc 10.2.1 20210110 (Debian 10.2.1-6) 
2023/01/18 08:48:36 [notice] 8#8: OS: Linux 5.15.49-linuxkit
2023/01/18 08:48:36 [notice] 8#8: getrlimit(RLIMIT_NOFILE): 1048576:1048576
2023/01/18 08:48:36 [notice] 8#8: start worker processes
2023/01/18 08:48:36 [notice] 8#8: start worker process 10
2023/01/18 08:48:36 [notice] 8#8: start worker process 11
2023/01/18 08:48:36 [notice] 8#8: start worker process 12
2023/01/18 08:48:36 [notice] 8#8: start worker process 13
2023/01/18 10:24:59 [notice] 8#8: using the "epoll" event method
2023/01/18 10:24:59 [notice] 8#8: nginx/1.22.1
2023/01/18 10:24:59 [notice] 8#8: built by gcc 10.2.1 20210110 (Debian 10.2.1-6) 
2023/01/18 10:24:59 [notice] 8#8: OS: Linux 5.15.49-linuxkit
2023/01/18 10:24:59 [notice] 8#8: getrlimit(RLIMIT_NOFILE): 1048576:1048576
2023/01/18 10:24:59 [notice] 8#8: start worker processes
2023/01/18 10:24:59 [notice] 8#8: start worker process 10
2023/01/18 10:24:59 [notice] 8#8: start worker process 11
2023/01/18 10:24:59 [notice] 8#8: start worker process 12
2023/01/18 10:24:59 [notice] 8#8: start worker process 13
2023/01/18 10:32:02 [notice] 7#7: using the "epoll" event method
2023/01/18 10:32:02 [notice] 7#7: nginx/1.22.1
2023/01/18 10:32:02 [notice] 7#7: built by gcc 10.2.1 20210110 (Debian 10.2.1-6) 
2023/01/18 10:32:02 [notice] 7#7: OS: Linux 5.15.49-linuxkit
2023/01/18 10:32:02 [notice] 7#7: getrlimit(RLIMIT_NOFILE): 1048576:1048576
2023/01/18 10:32:02 [notice] 7#7: start worker processes
2023/01/18 10:32:02 [notice] 7#7: start worker process 9
2023/01/18 10:32:02 [notice] 7#7: start worker process 10
2023/01/18 10:32:02 [notice] 7#7: start worker process 11
2023/01/18 10:32:02 [notice] 7#7: start worker process 12
2023/01/18 10:36:01 [notice] 7#7: using the "epoll" event method
2023/01/18 10:36:01 [notice] 7#7: nginx/1.22.1
2023/01/18 10:36:01 [notice] 7#7: built by gcc 10.2.1 20210110 (Debian 10.2.1-6) 
2023/01/18 10:36:01 [notice] 7#7: OS: Linux 5.15.49-linuxkit
2023/01/18 10:36:01 [notice] 7#7: getrlimit(RLIMIT_NOFILE): 1048576:1048576
2023/01/18 10:36:01 [notice] 7#7: start worker processes
2023/01/18 10:36:01 [notice] 7#7: start worker process 9
2023/01/18 10:36:01 [notice] 7#7: start worker process 10
2023/01/18 10:36:01 [notice] 7#7: start worker process 11
2023/01/18 10:36:01 [notice] 7#7: start worker process 12
2023/01/18 10:52:56 [notice] 7#7: using the "epoll" event method
2023/01/18 10:52:56 [notice] 7#7: nginx/1.22.1
2023/01/18 10:52:56 [notice] 7#7: built by gcc 10.2.1 20210110 (Debian 10.2.1-6) 
2023/01/18 10:52:56 [notice] 7#7: OS: Linux 5.15.49-linuxkit
2023/01/18 10:52:56 [notice] 7#7: getrlimit(RLIMIT_NOFILE): 1048576:1048576
2023/01/18 10:52:56 [notice] 7#7: start worker processes
2023/01/18 10:52:56 [notice] 7#7: start worker process 9
2023/01/18 10:52:56 [notice] 7#7: start worker process 10
2023/01/18 10:52:56 [notice] 7#7: start worker process 11
2023/01/18 10:52:56 [notice] 7#7: start worker process 12
2023/01/18 12:42:46 [notice] 8#8: using the "epoll" event method
2023/01/18 12:42:46 [notice] 8#8: nginx/1.22.1
2023/01/18 12:42:46 [notice] 8#8: built by gcc 10.2.1 20210110 (Debian 10.2.1-6) 
2023/01/18 12:42:46 [notice] 8#8: OS: Linux 5.15.49-linuxkit
2023/01/18 12:42:46 [notice] 8#8: getrlimit(RLIMIT_NOFILE): 1048576:1048576
2023/01/18 12:42:46 [notice] 8#8: start worker processes
2023/01/18 12:42:46 [notice] 8#8: start worker process 10
2023/01/18 12:42:46 [notice] 8#8: start worker process 11
2023/01/18 12:42:46 [notice] 8#8: start worker process 12
2023/01/18 12:42:46 [notice] 8#8: start worker process 13
2023/01/18 13:46:01 [notice] 8#8: using the "epoll" event method
2023/01/18 13:46:01 [notice] 8#8: nginx/1.22.1
2023/01/18 13:46:01 [notice] 8#8: built by gcc 10.2.1 20210110 (Debian 10.2.1-6) 
2023/01/18 13:46:01 [notice] 8#8: OS: Linux 5.15.49-linuxkit
2023/01/18 13:46:01 [notice] 8#8: getrlimit(RLIMIT_NOFILE): 1048576:1048576
2023/01/18 13:46:01 [notice] 8#8: start worker processes
2023/01/18 13:46:01 [notice] 8#8: start worker process 10
2023/01/18 13:46:01 [notice] 8#8: start worker process 11
2023/01/18 13:46:01 [notice] 8#8: start worker process 12
2023/01/18 13:46:01 [notice] 8#8: start worker process 13
2023/01/18 13:53:21 [notice] 8#8: using the "epoll" event method
2023/01/18 13:53:21 [notice] 8#8: nginx/1.22.1
2023/01/18 13:53:21 [notice] 8#8: built by gcc 10.2.1 20210110 (Debian 10.2.1-6) 
2023/01/18 13:53:21 [notice] 8#8: OS: Linux 5.15.49-linuxkit
2023/01/18 13:53:21 [notice] 8#8: getrlimit(RLIMIT_NOFILE): 1048576:1048576
2023/01/18 13:53:21 [notice] 8#8: start worker processes
2023/01/18 13:53:21 [notice] 8#8: start worker process 10
2023/01/18 13:53:21 [notice] 8#8: start worker process 11
2023/01/18 13:53:21 [notice] 8#8: start worker process 12
2023/01/18 13:53:21 [notice] 8#8: start worker process 13
2023/01/18 14:08:26 [notice] 8#8: using the "epoll" event method
2023/01/18 14:08:26 [notice] 8#8: nginx/1.22.1
2023/01/18 14:08:26 [notice] 8#8: built by gcc 10.2.1 20210110 (Debian 10.2.1-6) 
2023/01/18 14:08:26 [notice] 8#8: OS: Linux 5.15.49-linuxkit
2023/01/18 14:08:26 [notice] 8#8: getrlimit(RLIMIT_NOFILE): 1048576:1048576
2023/01/18 14:08:26 [notice] 8#8: start worker processes
2023/01/18 14:08:26 [notice] 8#8: start worker process 10
2023/01/18 14:08:26 [notice] 8#8: start worker process 11
2023/01/18 14:08:26 [notice] 8#8: start worker process 12
2023/01/18 14:08:26 [notice] 8#8: start worker process 13
2023/01/18 14:09:43 [notice] 8#8: using the "epoll" event method
2023/01/18 14:09:43 [notice] 8#8: nginx/1.22.1
2023/01/18 14:09:43 [notice] 8#8: built by gcc 10.2.1 20210110 (Debian 10.2.1-6) 
2023/01/18 14:09:43 [notice] 8#8: OS: Linux 5.15.49-linuxkit
2023/01/18 14:09:43 [notice] 8#8: getrlimit(RLIMIT_NOFILE): 1048576:1048576
2023/01/18 14:09:43 [notice] 8#8: start worker processes
2023/01/18 14:09:43 [notice] 8#8: start worker process 10
2023/01/18 14:09:43 [notice] 8#8: start worker process 11
2023/01/18 14:09:43 [notice] 8#8: start worker process 12
2023/01/18 14:09:43 [notice] 8#8: start worker process 13
2023/01/18 14:43:13 [notice] 8#8: using the "epoll" event method
2023/01/18 14:43:13 [notice] 8#8: nginx/1.22.1
2023/01/18 14:43:13 [notice] 8#8: built by gcc 10.2.1 20210110 (Debian 10.2.1-6) 
2023/01/18 14:43:13 [notice] 8#8: OS: Linux 5.15.49-linuxkit
2023/01/18 14:43:13 [notice] 8#8: getrlimit(RLIMIT_NOFILE): 1048576:1048576
2023/01/18 14:43:13 [notice] 8#8: start worker processes
2023/01/18 14:43:13 [notice] 8#8: start worker process 10
2023/01/18 14:43:13 [notice] 8#8: start worker process 11
2023/01/18 14:43:13 [notice] 8#8: start worker process 12
2023/01/18 14:43:13 [notice] 8#8: start worker process 13
2023/01/18 14:57:44 [notice] 8#8: using the "epoll" event method
2023/01/18 14:57:44 [notice] 8#8: nginx/1.22.1
2023/01/18 14:57:44 [notice] 8#8: built by gcc 10.2.1 20210110 (Debian 10.2.1-6) 
2023/01/18 14:57:44 [notice] 8#8: OS: Linux 5.15.49-linuxkit
2023/01/18 14:57:44 [notice] 8#8: getrlimit(RLIMIT_NOFILE): 1048576:1048576
2023/01/18 14:57:44 [notice] 8#8: start worker processes
2023/01/18 14:57:44 [notice] 8#8: start worker process 10
2023/01/18 14:57:44 [notice] 8#8: start worker process 11
2023/01/18 14:57:44 [notice] 8#8: start worker process 12
2023/01/18 14:57:44 [notice] 8#8: start worker process 13
2023/01/18 16:12:51 [notice] 8#8: using the "epoll" event method
2023/01/18 16:12:51 [notice] 8#8: nginx/1.22.1
2023/01/18 16:12:51 [notice] 8#8: built by gcc 10.2.1 20210110 (Debian 10.2.1-6) 
2023/01/18 16:12:51 [notice] 8#8: OS: Linux 5.15.49-linuxkit
2023/01/18 16:12:51 [notice] 8#8: getrlimit(RLIMIT_NOFILE): 1048576:1048576
2023/01/18 16:12:51 [notice] 8#8: start worker processes
2023/01/18 16:12:51 [notice] 8#8: start worker process 10
2023/01/18 16:12:51 [notice] 8#8: start worker process 11
2023/01/18 16:12:51 [notice] 8#8: start worker process 12
2023/01/18 16:12:51 [notice] 8#8: start worker process 13
2023/01/18 16:33:36 [notice] 8#8: using the "epoll" event method
2023/01/18 16:33:36 [notice] 8#8: nginx/1.22.1
2023/01/18 16:33:36 [notice] 8#8: built by gcc 10.2.1 20210110 (Debian 10.2.1-6) 
2023/01/18 16:33:36 [notice] 8#8: OS: Linux 5.15.49-linuxkit
2023/01/18 16:33:36 [notice] 8#8: getrlimit(RLIMIT_NOFILE): 1048576:1048576
2023/01/18 16:33:36 [notice] 8#8: start worker processes
2023/01/18 16:33:36 [notice] 8#8: start worker process 10
2023/01/18 16:33:36 [notice] 8#8: start worker process 11
2023/01/18 16:33:36 [notice] 8#8: start worker process 12
2023/01/18 16:33:36 [notice] 8#8: start worker process 13
2023/01/18 16:43:30 [notice] 8#8: using the "epoll" event method
2023/01/18 16:43:30 [notice] 8#8: nginx/1.22.1
2023/01/18 16:43:30 [notice] 8#8: built by gcc 10.2.1 20210110 (Debian 10.2.1-6) 
2023/01/18 16:43:30 [notice] 8#8: OS: Linux 5.15.49-linuxkit
2023/01/18 16:43:30 [notice] 8#8: getrlimit(RLIMIT_NOFILE): 1048576:1048576
2023/01/18 16:43:30 [notice] 8#8: start worker processes
2023/01/18 16:43:30 [notice] 8#8: start worker process 10
2023/01/18 16:43:30 [notice] 8#8: start worker process 11
2023/01/18 16:43:30 [notice] 8#8: start worker process 12
2023/01/18 16:43:30 [notice] 8#8: start worker process 13
2023/01/18 16:48:13 [notice] 7#7: using the "epoll" event method
2023/01/18 16:48:13 [notice] 7#7: nginx/1.22.1
2023/01/18 16:48:13 [notice] 7#7: built by gcc 10.2.1 20210110 (Debian 10.2.1-6) 
2023/01/18 16:48:13 [notice] 7#7: OS: Linux 5.15.49-linuxkit
2023/01/18 16:48:13 [notice] 7#7: getrlimit(RLIMIT_NOFILE): 1048576:1048576
2023/01/18 16:48:13 [notice] 7#7: start worker processes
2023/01/18 16:48:13 [notice] 7#7: start worker process 9
2023/01/18 16:48:13 [notice] 7#7: start worker process 10
2023/01/18 16:48:13 [notice] 7#7: start worker process 11
2023/01/18 16:48:13 [notice] 7#7: start worker process 12
2023/01/18 16:52:50 [notice] 8#8: using the "epoll" event method
2023/01/18 16:52:50 [notice] 8#8: nginx/1.22.1
2023/01/18 16:52:50 [notice] 8#8: built by gcc 10.2.1 20210110 (Debian 10.2.1-6) 
2023/01/18 16:52:50 [notice] 8#8: OS: Linux 5.15.49-linuxkit
2023/01/18 16:52:50 [notice] 8#8: getrlimit(RLIMIT_NOFILE): 1048576:1048576
2023/01/18 16:52:50 [notice] 8#8: start worker processes
2023/01/18 16:52:50 [notice] 8#8: start worker process 10
2023/01/18 16:52:50 [notice] 8#8: start worker process 11
2023/01/18 16:52:50 [notice] 8#8: start worker process 12
2023/01/18 16:52:50 [notice] 8#8: start worker process 13
2023/01/18 17:03:55 [notice] 8#8: using the "epoll" event method
2023/01/18 17:03:55 [notice] 8#8: nginx/1.22.1
2023/01/18 17:03:55 [notice] 8#8: built by gcc 10.2.1 20210110 (Debian 10.2.1-6) 
2023/01/18 17:03:55 [notice] 8#8: OS: Linux 5.15.49-linuxkit
2023/01/18 17:03:55 [notice] 8#8: getrlimit(RLIMIT_NOFILE): 1048576:1048576
2023/01/18 17:03:55 [notice] 8#8: start worker processes
2023/01/18 17:03:55 [notice] 8#8: start worker process 10
2023/01/18 17:03:55 [notice] 8#8: start worker process 11
2023/01/18 17:03:55 [notice] 8#8: start worker process 12
2023/01/18 17:03:55 [notice] 8#8: start worker process 13
2023/01/18 17:23:32 [notice] 8#8: using the "epoll" event method
2023/01/18 17:23:32 [notice] 8#8: nginx/1.22.1
2023/01/18 17:23:32 [notice] 8#8: built by gcc 10.2.1 20210110 (Debian 10.2.1-6) 
2023/01/18 17:23:32 [notice] 8#8: OS: Linux 5.15.49-linuxkit
2023/01/18 17:23:32 [notice] 8#8: getrlimit(RLIMIT_NOFILE): 1048576:1048576
2023/01/18 17:23:32 [notice] 8#8: start worker processes
2023/01/18 17:23:32 [notice] 8#8: start worker process 10
2023/01/18 17:23:32 [notice] 8#8: start worker process 11
2023/01/18 17:23:32 [notice] 8#8: start worker process 12
2023/01/18 17:23:32 [notice] 8#8: start worker process 13
2023/01/18 18:42:13 [notice] 8#8: using the "epoll" event method
2023/01/18 18:42:13 [notice] 8#8: nginx/1.22.1
2023/01/18 18:42:13 [notice] 8#8: built by gcc 10.2.1 20210110 (Debian 10.2.1-6) 
2023/01/18 18:42:13 [notice] 8#8: OS: Linux 5.15.49-linuxkit
2023/01/18 18:42:13 [notice] 8#8: getrlimit(RLIMIT_NOFILE): 1048576:1048576
2023/01/18 18:42:13 [notice] 8#8: start worker processes
2023/01/18 18:42:13 [notice] 8#8: start worker process 10
2023/01/18 18:42:13 [notice] 8#8: start worker process 11
2023/01/18 18:42:13 [notice] 8#8: start worker process 12
2023/01/18 18:42:13 [notice] 8#8: start worker process 13
2023/01/18 19:09:38 [notice] 8#8: using the "epoll" event method
2023/01/18 19:09:38 [notice] 8#8: nginx/1.22.1
2023/01/18 19:09:38 [notice] 8#8: built by gcc 10.2.1 20210110 (Debian 10.2.1-6) 
2023/01/18 19:09:38 [notice] 8#8: OS: Linux 5.15.49-linuxkit
2023/01/18 19:09:38 [notice] 8#8: getrlimit(RLIMIT_NOFILE): 1048576:1048576
2023/01/18 19:09:38 [notice] 8#8: start worker processes
2023/01/18 19:09:38 [notice] 8#8: start worker process 10
2023/01/18 19:09:38 [notice] 8#8: start worker process 11
2023/01/18 19:09:38 [notice] 8#8: start worker process 12
2023/01/18 19:09:38 [notice] 8#8: start worker process 13
2023/01/18 19:17:36 [notice] 8#8: using the "epoll" event method
2023/01/18 19:17:36 [notice] 8#8: nginx/1.22.1
2023/01/18 19:17:36 [notice] 8#8: built by gcc 10.2.1 20210110 (Debian 10.2.1-6) 
2023/01/18 19:17:36 [notice] 8#8: OS: Linux 5.15.49-linuxkit
2023/01/18 19:17:36 [notice] 8#8: getrlimit(RLIMIT_NOFILE): 1048576:1048576
2023/01/18 19:17:36 [notice] 8#8: start worker processes
2023/01/18 19:17:36 [notice] 8#8: start worker process 10
2023/01/18 19:17:36 [notice] 8#8: start worker process 11
2023/01/18 19:17:36 [notice] 8#8: start worker process 12
2023/01/18 19:17:36 [notice] 8#8: start worker process 13
2023/01/24 10:23:11 [notice] 9#9: using the "epoll" event method
2023/01/24 10:23:11 [notice] 9#9: nginx/1.22.1
2023/01/24 10:23:11 [notice] 9#9: built by gcc 10.2.1 20210110 (Debian 10.2.1-6) 
2023/01/24 10:23:11 [notice] 9#9: OS: Linux 5.15.49-linuxkit
2023/01/24 10:23:11 [notice] 9#9: getrlimit(RLIMIT_NOFILE): 1048576:1048576
2023/01/24 10:23:11 [notice] 9#9: start worker processes
2023/01/24 10:23:11 [notice] 9#9: start worker process 10
2023/01/24 10:23:11 [notice] 9#9: start worker process 11
2023/01/24 10:23:11 [notice] 9#9: start worker process 12
2023/01/24 10:23:11 [notice] 9#9: start worker process 13
2023/01/24 11:47:05 [notice] 8#8: using the "epoll" event method
2023/01/24 11:47:05 [notice] 8#8: nginx/1.22.1
2023/01/24 11:47:05 [notice] 8#8: built by gcc 10.2.1 20210110 (Debian 10.2.1-6) 
2023/01/24 11:47:05 [notice] 8#8: OS: Linux 5.15.49-linuxkit
2023/01/24 11:47:05 [notice] 8#8: getrlimit(RLIMIT_NOFILE): 1048576:1048576
2023/01/24 11:47:05 [notice] 8#8: start worker processes
2023/01/24 11:47:05 [notice] 8#8: start worker process 10
2023/01/24 11:47:05 [notice] 8#8: start worker process 11
2023/01/24 11:47:05 [notice] 8#8: start worker process 12
2023/01/24 11:47:05 [notice] 8#8: start worker process 13
2023/01/24 11:59:20 [notice] 8#8: using the "epoll" event method
2023/01/24 11:59:20 [notice] 8#8: nginx/1.22.1
2023/01/24 11:59:20 [notice] 8#8: built by gcc 10.2.1 20210110 (Debian 10.2.1-6) 
2023/01/24 11:59:20 [notice] 8#8: OS: Linux 5.15.49-linuxkit
2023/01/24 11:59:20 [notice] 8#8: getrlimit(RLIMIT_NOFILE): 1048576:1048576
2023/01/24 11:59:20 [notice] 8#8: start worker processes
2023/01/24 11:59:20 [notice] 8#8: start worker process 10
2023/01/24 11:59:20 [notice] 8#8: start worker process 11
2023/01/24 11:59:20 [notice] 8#8: start worker process 12
2023/01/24 11:59:20 [notice] 8#8: start worker process 13
2023/01/24 12:25:17 [notice] 7#7: using the "epoll" event method
2023/01/24 12:25:17 [notice] 7#7: nginx/1.22.1
2023/01/24 12:25:17 [notice] 7#7: built by gcc 10.2.1 20210110 (Debian 10.2.1-6) 
2023/01/24 12:25:17 [notice] 7#7: OS: Linux 5.15.49-linuxkit
2023/01/24 12:25:17 [notice] 7#7: getrlimit(RLIMIT_NOFILE): 1048576:1048576
2023/01/24 12:25:17 [notice] 7#7: start worker processes
2023/01/24 12:25:17 [notice] 7#7: start worker process 9
2023/01/24 12:25:17 [notice] 7#7: start worker process 10
2023/01/24 12:25:17 [notice] 7#7: start worker process 11
2023/01/24 12:25:17 [notice] 7#7: start worker process 12
2023/01/24 12:37:49 [notice] 8#8: using the "epoll" event method
2023/01/24 12:37:49 [notice] 8#8: nginx/1.22.1
2023/01/24 12:37:49 [notice] 8#8: built by gcc 10.2.1 20210110 (Debian 10.2.1-6) 
2023/01/24 12:37:49 [notice] 8#8: OS: Linux 5.15.49-linuxkit
2023/01/24 12:37:49 [notice] 8#8: getrlimit(RLIMIT_NOFILE): 1048576:1048576
2023/01/24 12:37:49 [notice] 8#8: start worker processes
2023/01/24 12:37:49 [notice] 8#8: start worker process 10
2023/01/24 12:37:49 [notice] 8#8: start worker process 11
2023/01/24 12:37:49 [notice] 8#8: start worker process 12
2023/01/24 12:37:49 [notice] 8#8: start worker process 13
2023/01/24 15:22:02 [notice] 8#8: using the "epoll" event method
2023/01/24 15:22:02 [notice] 8#8: nginx/1.22.1
2023/01/24 15:22:02 [notice] 8#8: built by gcc 10.2.1 20210110 (Debian 10.2.1-6) 
2023/01/24 15:22:02 [notice] 8#8: OS: Linux 5.15.49-linuxkit
2023/01/24 15:22:02 [notice] 8#8: getrlimit(RLIMIT_NOFILE): 1048576:1048576
2023/01/24 15:22:02 [notice] 8#8: start worker processes
2023/01/24 15:22:02 [notice] 8#8: start worker process 10
2023/01/24 15:22:02 [notice] 8#8: start worker process 11
2023/01/24 15:22:02 [notice] 8#8: start worker process 12
2023/01/24 15:22:02 [notice] 8#8: start worker process 13
2023/01/25 08:00:51 [notice] 9#9: using the "epoll" event method
2023/01/25 08:00:51 [notice] 9#9: nginx/1.22.1
2023/01/25 08:00:51 [notice] 9#9: built by gcc 10.2.1 20210110 (Debian 10.2.1-6) 
2023/01/25 08:00:51 [notice] 9#9: OS: Linux 5.15.49-linuxkit
2023/01/25 08:00:51 [notice] 9#9: getrlimit(RLIMIT_NOFILE): 1048576:1048576
2023/01/25 08:00:51 [notice] 9#9: start worker processes
2023/01/25 08:00:51 [notice] 9#9: start worker process 10
2023/01/25 08:00:51 [notice] 9#9: start worker process 11
2023/01/25 08:00:51 [notice] 9#9: start worker process 12
2023/01/25 08:00:51 [notice] 9#9: start worker process 13
2023/01/25 14:00:50 [notice] 14#14: signal process started
2023/01/25 14:00:50 [notice] 9#9: signal 1 (SIGHUP) received from 14, reconfiguring
2023/01/25 14:00:50 [notice] 9#9: reconfiguring
2023/01/25 14:00:50 [notice] 9#9: using the "epoll" event method
2023/01/25 14:00:50 [notice] 9#9: start worker processes
2023/01/25 14:00:50 [notice] 9#9: start worker process 16
2023/01/25 14:00:50 [notice] 9#9: start worker process 17
2023/01/25 14:00:50 [notice] 9#9: start worker process 18
2023/01/25 14:00:50 [notice] 9#9: start worker process 19
2023/01/25 14:00:51 [notice] 13#13: gracefully shutting down
2023/01/25 14:00:51 [notice] 10#10: gracefully shutting down
2023/01/25 14:00:51 [notice] 11#11: gracefully shutting down
2023/01/25 14:00:51 [notice] 12#12: gracefully shutting down
2023/01/25 14:00:51 [notice] 13#13: exiting
2023/01/25 14:00:51 [notice] 10#10: exiting
2023/01/25 14:00:51 [notice] 12#12: exiting
2023/01/25 14:00:51 [notice] 11#11: exiting
2023/01/25 14:00:51 [notice] 13#13: exit
2023/01/25 14:00:51 [notice] 10#10: exit
2023/01/25 14:00:51 [notice] 12#12: exit
2023/01/25 14:00:51 [notice] 11#11: exit
2023/01/25 14:00:51 [notice] 9#9: signal 17 (SIGCHLD) received from 10
2023/01/25 14:00:51 [notice] 9#9: worker process 10 exited with code 0
2023/01/25 14:00:51 [notice] 9#9: signal 29 (SIGIO) received
2023/01/25 14:00:51 [notice] 9#9: signal 17 (SIGCHLD) received from 12
2023/01/25 14:00:51 [notice] 9#9: worker process 12 exited with code 0
2023/01/25 14:00:51 [notice] 9#9: worker process 11 exited with code 0
2023/01/25 14:00:51 [notice] 9#9: signal 17 (SIGCHLD) received from 11
2023/01/25 14:00:51 [notice] 9#9: worker process 13 exited with code 0
2023/01/25 14:00:51 [notice] 9#9: signal 17 (SIGCHLD) received from 13
2023/01/25 14:00:51 [notice] 9#9: signal 29 (SIGIO) received
2023/02/09 08:37:08 [notice] 10#10: using the "epoll" event method
2023/02/09 08:37:08 [notice] 10#10: nginx/1.22.1
2023/02/09 08:37:08 [notice] 10#10: built by gcc 10.2.1 20210110 (Debian 10.2.1-6) 
2023/02/09 08:37:08 [notice] 10#10: OS: Linux 5.15.49-linuxkit
2023/02/09 08:37:08 [notice] 10#10: getrlimit(RLIMIT_NOFILE): 1048576:1048576
2023/02/09 08:37:08 [notice] 10#10: start worker processes
2023/02/09 08:37:08 [notice] 10#10: start worker process 11
2023/02/09 08:37:08 [notice] 10#10: start worker process 12
2023/02/09 08:37:08 [notice] 10#10: start worker process 13
2023/02/09 08:37:08 [notice] 10#10: start worker process 14
2023/02/20 09:45:23 [notice] 9#9: using the "epoll" event method
2023/02/20 09:45:23 [notice] 9#9: nginx/1.22.1
2023/02/20 09:45:23 [notice] 9#9: built by gcc 10.2.1 20210110 (Debian 10.2.1-6) 
2023/02/20 09:45:23 [notice] 9#9: OS: Linux 5.15.49-linuxkit
2023/02/20 09:45:23 [notice] 9#9: getrlimit(RLIMIT_NOFILE): 1048576:1048576
2023/02/20 09:45:23 [notice] 9#9: start worker processes
2023/02/20 09:45:23 [notice] 9#9: start worker process 10
2023/02/20 09:45:23 [notice] 9#9: start worker process 11
2023/02/20 09:45:23 [notice] 9#9: start worker process 12
2023/02/20 09:45:23 [notice] 9#9: start worker process 13
2023/04/25 08:06:55 [notice] 9#9: using the "epoll" event method
2023/04/25 08:06:55 [notice] 9#9: nginx/1.22.1
2023/04/25 08:06:55 [notice] 9#9: built by gcc 10.2.1 20210110 (Debian 10.2.1-6) 
2023/04/25 08:06:55 [notice] 9#9: OS: Linux 5.15.49-linuxkit
2023/04/25 08:06:55 [notice] 9#9: getrlimit(RLIMIT_NOFILE): 1048576:1048576
2023/04/25 08:06:55 [notice] 9#9: start worker processes
2023/04/25 08:06:55 [notice] 9#9: start worker process 10
2023/04/25 08:06:55 [notice] 9#9: start worker process 11
2023/04/25 08:06:55 [notice] 9#9: start worker process 12
2023/04/25 08:06:55 [notice] 9#9: start worker process 13
2023/04/25 08:10:47 [notice] 8#8: using the "epoll" event method
2023/04/25 08:10:47 [notice] 8#8: nginx/1.22.1
2023/04/25 08:10:47 [notice] 8#8: built by gcc 10.2.1 20210110 (Debian 10.2.1-6) 
2023/04/25 08:10:47 [notice] 8#8: OS: Linux 5.15.49-linuxkit
2023/04/25 08:10:47 [notice] 8#8: getrlimit(RLIMIT_NOFILE): 1048576:1048576
2023/04/25 08:10:47 [notice] 8#8: start worker processes
2023/04/25 08:10:47 [notice] 8#8: start worker process 9
2023/04/25 08:10:47 [notice] 8#8: start worker process 10
2023/04/25 08:10:47 [notice] 8#8: start worker process 11
2023/04/25 08:10:47 [notice] 8#8: start worker process 12
2023/04/25 14:10:47 [notice] 13#13: signal process started
2023/04/25 14:10:47 [notice] 8#8: signal 1 (SIGHUP) received from 13, reconfiguring
2023/04/25 14:10:47 [notice] 8#8: reconfiguring
2023/04/25 14:10:47 [notice] 8#8: using the "epoll" event method
2023/04/25 14:10:47 [notice] 8#8: start worker processes
2023/04/25 14:10:47 [notice] 8#8: start worker process 15
2023/04/25 14:10:47 [notice] 8#8: start worker process 16
2023/04/25 14:10:47 [notice] 8#8: start worker process 17
2023/04/25 14:10:47 [notice] 8#8: start worker process 18
2023/04/25 14:10:47 [notice] 12#12: gracefully shutting down
2023/04/25 14:10:47 [notice] 9#9: gracefully shutting down
2023/04/25 14:10:47 [notice] 10#10: gracefully shutting down
2023/04/25 14:10:47 [notice] 10#10: exiting
2023/04/25 14:10:47 [notice] 11#11: gracefully shutting down
2023/04/25 14:10:47 [notice] 12#12: exiting
2023/04/25 14:10:47 [notice] 9#9: exiting
2023/04/25 14:10:47 [notice] 10#10: exit
2023/04/25 14:10:47 [notice] 12#12: exit
2023/04/25 14:10:47 [notice] 11#11: exiting
2023/04/25 14:10:47 [notice] 11#11: exit
2023/04/25 14:10:47 [notice] 9#9: exit
2023/04/25 14:10:47 [notice] 8#8: signal 17 (SIGCHLD) received from 12
2023/04/25 14:10:47 [notice] 8#8: worker process 12 exited with code 0
2023/04/25 14:10:47 [notice] 8#8: worker process 11 exited with code 0
2023/04/25 14:10:47 [notice] 8#8: worker process 10 exited with code 0
2023/04/25 14:10:47 [notice] 8#8: signal 29 (SIGIO) received
2023/04/25 14:10:47 [notice] 8#8: signal 17 (SIGCHLD) received from 11
2023/04/25 14:10:47 [notice] 8#8: signal 17 (SIGCHLD) received from 9
2023/04/25 14:10:47 [notice] 8#8: worker process 9 exited with code 0
2023/04/25 14:10:47 [notice] 8#8: signal 29 (SIGIO) received
2023/06/27 07:54:45 [emerg] 7#7: host not found in upstream "php-fpm:9000" in /etc/nginx/conf.d/default.conf:2
2023/06/27 07:54:45 [emerg] 8#8: host not found in upstream "php-fpm:9000" in /etc/nginx/conf.d/default.conf:2
2023/06/27 07:54:46 [emerg] 8#8: host not found in upstream "php-fpm:9000" in /etc/nginx/conf.d/default.conf:2
2023/06/27 07:54:46 [emerg] 8#8: host not found in upstream "php-fpm:9000" in /etc/nginx/conf.d/default.conf:2
2023/06/27 07:54:47 [emerg] 8#8: host not found in upstream "php-fpm:9000" in /etc/nginx/conf.d/default.conf:2
2023/06/27 07:54:49 [emerg] 8#8: host not found in upstream "php-fpm:9000" in /etc/nginx/conf.d/default.conf:2
2023/06/27 07:54:53 [emerg] 8#8: host not found in upstream "php-fpm:9000" in /etc/nginx/conf.d/default.conf:2
2023/06/27 07:54:59 [emerg] 8#8: host not found in upstream "php-fpm:9000" in /etc/nginx/conf.d/default.conf:2
2023/06/27 07:55:12 [emerg] 8#8: host not found in upstream "php-fpm:9000" in /etc/nginx/conf.d/default.conf:2
2023/06/27 07:55:38 [emerg] 8#8: host not found in upstream "php-fpm:9000" in /etc/nginx/conf.d/default.conf:2
2023/06/27 07:56:32 [notice] 8#8: using the "epoll" event method
2023/06/27 07:56:32 [notice] 8#8: nginx/1.22.1
2023/06/27 07:56:32 [notice] 8#8: built by gcc 10.2.1 20210110 (Debian 10.2.1-6) 
2023/06/27 07:56:32 [notice] 8#8: OS: Linux 5.15.49-linuxkit-pr
2023/06/27 07:56:32 [notice] 8#8: getrlimit(RLIMIT_NOFILE): 1048576:1048576
2023/06/27 07:56:32 [notice] 8#8: start worker processes
2023/06/27 07:56:32 [notice] 8#8: start worker process 10
2023/06/27 07:56:32 [notice] 8#8: start worker process 11
2023/06/27 07:56:32 [notice] 8#8: start worker process 12
2023/06/27 07:56:32 [notice] 8#8: start worker process 13
2023/06/27 08:03:48 [notice] 8#8: using the "epoll" event method
2023/06/27 08:03:48 [notice] 8#8: nginx/1.22.1
2023/06/27 08:03:48 [notice] 8#8: built by gcc 10.2.1 20210110 (Debian 10.2.1-6) 
2023/06/27 08:03:48 [notice] 8#8: OS: Linux 5.15.49-linuxkit-pr
2023/06/27 08:03:48 [notice] 8#8: getrlimit(RLIMIT_NOFILE): 1048576:1048576
2023/06/27 08:03:48 [notice] 8#8: start worker processes
2023/06/27 08:03:48 [notice] 8#8: start worker process 10
2023/06/27 08:03:48 [notice] 8#8: start worker process 11
2023/06/27 08:03:48 [notice] 8#8: start worker process 12
2023/06/27 08:03:48 [notice] 8#8: start worker process 13
